\BOOKMARK [1][-]{section.1}{Gii thiu \040t\340i}{}% 1
\BOOKMARK [1][-]{section.2}{Kin thc chun bi v h ng lc}{}% 2
\BOOKMARK [2][-]{subsection.2.1}{Gii thiu v phng tr\354nh vi ph\342n}{section.2}% 3
\BOOKMARK [3][-]{subsubsection.2.1.1}{V\340i m\364 h\354nh n gian}{subsection.2.1}% 4
\BOOKMARK [3][-]{subsubsection.2.1.2}{C\341c kh\341i nim}{subsection.2.1}% 5
\BOOKMARK [3][-]{subsubsection.2.1.3}{\320inh ngh\232a h phng tr\354nh vi ph\342n cp 1 tng qu\341t}{subsection.2.1}% 6
\BOOKMARK [2][-]{subsection.2.2}{\320inh l\375 tn tai v\340 duy nht nghim}{section.2}% 7
\BOOKMARK [3][-]{subsubsection.2.2.1}{B\340i to\341n Cauchy}{subsection.2.2}% 8
\BOOKMARK [3][-]{subsubsection.2.2.2}{S tn tai duy nht nghim}{subsection.2.2}% 9
\BOOKMARK [2][-]{subsection.2.3}{V\355 du v h phng tr\354nh vi ph\342n bc nht}{section.2}% 10
\BOOKMARK [3][-]{subsubsection.2.3.1}{B\340i to\341n rn san mi}{subsection.2.3}% 11
\BOOKMARK [3][-]{subsubsection.2.3.2}{Chuyn ng cua 2 vt bi lc hp dn}{subsection.2.3}% 12
\BOOKMARK [2][-]{subsection.2.4}{Giai thut Explicit Euler v\340 Runge Kutta bc 4}{section.2}% 13
\BOOKMARK [3][-]{subsubsection.2.4.1}{ Euler Explicit}{subsection.2.4}% 14
\BOOKMARK [3][-]{subsubsection.2.4.2}{Runge Kutta bc 4 Explicit}{subsection.2.4}% 15
\BOOKMARK [2][-]{subsection.2.5}{Hin thc hai v\355 du \040phn 2.3 bng Euler Explicit v\340 Runge Kutta bc 4 Explicit}{section.2}% 16
\BOOKMARK [3][-]{subsubsection.2.5.1}{B\340i to\341n rn san mi}{subsection.2.5}% 17
\BOOKMARK [3][-]{subsubsection.2.5.2}{B\340i to\341n chuyn ng cua 2 vt bi lc hp dn}{subsection.2.5}% 18
\BOOKMARK [1][-]{section.3}{B\340i 2: M\364 h\354nh h ng lc i vi nng \040kh\355 2 trong nh\340 k\355nh}{}% 19
\BOOKMARK [2][-]{subsection.3.1}{S trao i kh\355 2}{section.3}% 20
\BOOKMARK [2][-]{subsection.3.2}{M\364 h\354nh H ng lc v\340 gia thit}{section.3}% 21
\BOOKMARK [2][-]{subsection.3.3}{Ph\342n t\355ch c\341c th\364ng s cua h ng lc}{section.3}% 22
\BOOKMARK [2][-]{subsection.3.4}{Gi\341 tri cua c\341c tham s v\340 giai th\355ch}{section.3}% 23
\BOOKMARK [2][-]{subsection.3.5}{Gia inh v c\341c gi\341 tri}{section.3}% 24
\BOOKMARK [2][-]{subsection.3.6}{T\355nh to\341n xp xi gi\341 tri cua nng \0402 trong nh\340 k\355nh v\340 m\364 phong}{section.3}% 25
\BOOKMARK [3][-]{subsubsection.3.6.1}{Giai thut t\355nh xp xi h ng lc}{subsection.3.6}% 26
\BOOKMARK [3][-]{subsubsection.3.6.2}{M\364 phong h ng lc v\340 so s\341nh vi d liu thc}{subsection.3.6}% 27
\BOOKMARK [1][-]{section.4}{M\364 h\354nh h ng lc i vi \341p sut hi nc trong nh\340 k\355nh}{}% 28
\BOOKMARK [2][-]{subsection.4.1}{H ng lc v\340 gia thit}{section.4}% 29
\BOOKMARK [2][-]{subsection.4.2}{C\341c th\364ng s anh hng tp \341p sut hi nc}{section.4}% 30
\BOOKMARK [2][-]{subsection.4.3}{C\341c tham s cua h ng lc v\340 giai th\355ch}{section.4}% 31
\BOOKMARK [2][-]{subsection.4.4}{C\341c gia inh v gi\341 tri}{section.4}% 32
\BOOKMARK [2][-]{subsection.4.5}{T\355nh to\341n xp xi gi\341 tri cua \341p sut hi nc trong nh\340 k\355nh v\340 m\364 phong}{section.4}% 33
\BOOKMARK [3][-]{subsubsection.4.5.1}{Giai thut t\355nh xp xi h ng lc}{subsection.4.5}% 34
\BOOKMARK [3][-]{subsubsection.4.5.2}{M\364 phong h ng lc v\340 so s\341nh vi d liu thc}{subsection.4.5}% 35
\BOOKMARK [1][-]{section*.116}{T\340i liu tham khao}{}% 36
